[0.255s] DEBUG:colcon:Command line arguments: ['/usr/bin/colcon', 'build']
[0.255s] DEBUG:colcon:Parsed command line arguments: Namespace(log_base=None, log_level=None, verb_name='build', build_base='build', install_base='install', merge_install=False, symlink_install=False, test_result_base=None, continue_on_error=False, executor='parallel', parallel_workers=8, event_handlers=None, ignore_user_meta=False, metas=['./colcon.meta'], base_paths=['.'], packages_ignore=None, packages_ignore_regex=None, paths=None, packages_up_to=None, packages_up_to_regex=None, packages_above=None, packages_above_and_dependencies=None, packages_above_depth=None, packages_select_by_dep=None, packages_skip_by_dep=None, packages_skip_up_to=None, packages_select_build_failed=False, packages_skip_build_finished=False, packages_select_test_failures=False, packages_skip_test_passed=False, packages_select=None, packages_skip=None, packages_select_regex=None, packages_skip_regex=None, packages_start=None, packages_end=None, allow_overriding=[], cmake_args=None, cmake_target=None, cmake_target_skip_unavailable=False, cmake_clean_cache=False, cmake_clean_first=False, cmake_force_configure=False, ament_cmake_args=None, catkin_cmake_args=None, catkin_skip_building_tests=False, mixin_files=None, mixin=None, verb_parser=<colcon_mixin.mixin.mixin_argument.MixinArgumentDecorator object at 0x70403d271d60>, verb_extension=<colcon_core.verb.build.BuildVerb object at 0x70403d2716a0>, main=<bound method BuildVerb.main of <colcon_core.verb.build.BuildVerb object at 0x70403d2716a0>>, mixin_verb=('build',))
[0.344s] Level 1:colcon.colcon_core.package_discovery:discover_packages(colcon_meta) check parameters
[0.345s] Level 1:colcon.colcon_core.package_discovery:discover_packages(recursive) check parameters
[0.345s] Level 1:colcon.colcon_core.package_discovery:discover_packages(ignore) check parameters
[0.345s] Level 1:colcon.colcon_core.package_discovery:discover_packages(path) check parameters
[0.345s] Level 1:colcon.colcon_core.package_discovery:discover_packages(colcon_meta) discover
[0.346s] Level 1:colcon.colcon_core.package_discovery:discover_packages(recursive) discover
[0.346s] INFO:colcon.colcon_core.package_discovery:Crawling recursively for packages in '/home/kuba/Documents/slam-robot/robot_ws'
[0.346s] Level 1:colcon.colcon_core.package_identification:_identify(.) by extensions ['ignore', 'ignore_ament_install']
[0.346s] Level 1:colcon.colcon_core.package_identification:_identify(.) by extension 'ignore'
[0.347s] Level 1:colcon.colcon_core.package_identification:_identify(.) by extension 'ignore_ament_install'
[0.347s] Level 1:colcon.colcon_core.package_identification:_identify(.) by extensions ['colcon_pkg']
[0.347s] Level 1:colcon.colcon_core.package_identification:_identify(.) by extension 'colcon_pkg'
[0.347s] Level 1:colcon.colcon_core.package_identification:_identify(.) by extensions ['colcon_meta']
[0.347s] Level 1:colcon.colcon_core.package_identification:_identify(.) by extension 'colcon_meta'
[0.347s] Level 1:colcon.colcon_core.package_identification:_identify(.) by extensions ['ros']
[0.347s] Level 1:colcon.colcon_core.package_identification:_identify(.) by extension 'ros'
[0.416s] Level 1:colcon.colcon_core.package_identification:_identify(.) by extensions ['cmake', 'python']
[0.416s] Level 1:colcon.colcon_core.package_identification:_identify(.) by extension 'cmake'
[0.416s] Level 1:colcon.colcon_core.package_identification:_identify(.) by extension 'python'
[0.416s] Level 1:colcon.colcon_core.package_identification:_identify(.) by extensions ['python_setup_py']
[0.416s] Level 1:colcon.colcon_core.package_identification:_identify(.) by extension 'python_setup_py'
[0.417s] Level 1:colcon.colcon_core.package_identification:_identify(build) by extensions ['ignore', 'ignore_ament_install']
[0.417s] Level 1:colcon.colcon_core.package_identification:_identify(build) by extension 'ignore'
[0.417s] Level 1:colcon.colcon_core.package_identification:_identify(build) ignored
[0.417s] Level 1:colcon.colcon_core.package_identification:_identify(install) by extensions ['ignore', 'ignore_ament_install']
[0.418s] Level 1:colcon.colcon_core.package_identification:_identify(install) by extension 'ignore'
[0.418s] Level 1:colcon.colcon_core.package_identification:_identify(install) ignored
[0.418s] Level 1:colcon.colcon_core.package_identification:_identify(log) by extensions ['ignore', 'ignore_ament_install']
[0.418s] Level 1:colcon.colcon_core.package_identification:_identify(log) by extension 'ignore'
[0.418s] Level 1:colcon.colcon_core.package_identification:_identify(log) ignored
[0.418s] Level 1:colcon.colcon_core.package_identification:_identify(main_package) by extensions ['ignore', 'ignore_ament_install']
[0.418s] Level 1:colcon.colcon_core.package_identification:_identify(main_package) by extension 'ignore'
[0.419s] Level 1:colcon.colcon_core.package_identification:_identify(main_package) by extension 'ignore_ament_install'
[0.419s] Level 1:colcon.colcon_core.package_identification:_identify(main_package) by extensions ['colcon_pkg']
[0.419s] Level 1:colcon.colcon_core.package_identification:_identify(main_package) by extension 'colcon_pkg'
[0.419s] Level 1:colcon.colcon_core.package_identification:_identify(main_package) by extensions ['colcon_meta']
[0.419s] Level 1:colcon.colcon_core.package_identification:_identify(main_package) by extension 'colcon_meta'
[0.419s] Level 1:colcon.colcon_core.package_identification:_identify(main_package) by extensions ['ros']
[0.419s] Level 1:colcon.colcon_core.package_identification:_identify(main_package) by extension 'ros'
[0.425s] DEBUG:colcon.colcon_core.package_identification:Package 'main_package' with type 'ros.ament_cmake' and name 'main_package'
[0.426s] Level 1:colcon.colcon_core.package_discovery:discover_packages(recursive) using defaults
[0.426s] Level 1:colcon.colcon_core.package_discovery:discover_packages(ignore) discover
[0.426s] Level 1:colcon.colcon_core.package_discovery:discover_packages(ignore) using defaults
[0.426s] Level 1:colcon.colcon_core.package_discovery:discover_packages(path) discover
[0.426s] Level 1:colcon.colcon_core.package_discovery:discover_packages(path) using defaults
[0.470s] Level 1:colcon.colcon_core.package_discovery:discover_packages(prefix_path) check parameters
[0.470s] Level 1:colcon.colcon_core.package_discovery:discover_packages(prefix_path) discover
[0.478s] DEBUG:colcon.colcon_installed_package_information.package_discovery:Found 315 installed packages in /opt/ros/jazzy
[0.480s] Level 1:colcon.colcon_core.package_discovery:discover_packages(prefix_path) using defaults
[0.593s] Level 5:colcon.colcon_core.verb:set package 'main_package' build argument 'cmake_args' from command line to 'None'
[0.593s] Level 5:colcon.colcon_core.verb:set package 'main_package' build argument 'cmake_target' from command line to 'None'
[0.593s] Level 5:colcon.colcon_core.verb:set package 'main_package' build argument 'cmake_target_skip_unavailable' from command line to 'False'
[0.593s] Level 5:colcon.colcon_core.verb:set package 'main_package' build argument 'cmake_clean_cache' from command line to 'False'
[0.593s] Level 5:colcon.colcon_core.verb:set package 'main_package' build argument 'cmake_clean_first' from command line to 'False'
[0.593s] Level 5:colcon.colcon_core.verb:set package 'main_package' build argument 'cmake_force_configure' from command line to 'False'
[0.594s] Level 5:colcon.colcon_core.verb:set package 'main_package' build argument 'ament_cmake_args' from command line to 'None'
[0.594s] Level 5:colcon.colcon_core.verb:set package 'main_package' build argument 'catkin_cmake_args' from command line to 'None'
[0.594s] Level 5:colcon.colcon_core.verb:set package 'main_package' build argument 'catkin_skip_building_tests' from command line to 'False'
[0.594s] DEBUG:colcon.colcon_core.verb:Building package 'main_package' with the following arguments: {'ament_cmake_args': None, 'build_base': '/home/kuba/Documents/slam-robot/robot_ws/build/main_package', 'catkin_cmake_args': None, 'catkin_skip_building_tests': False, 'cmake_args': None, 'cmake_clean_cache': False, 'cmake_clean_first': False, 'cmake_force_configure': False, 'cmake_target': None, 'cmake_target_skip_unavailable': False, 'install_base': '/home/kuba/Documents/slam-robot/robot_ws/install/main_package', 'merge_install': False, 'path': '/home/kuba/Documents/slam-robot/robot_ws/main_package', 'symlink_install': False, 'test_result_base': None}
[0.594s] INFO:colcon.colcon_core.executor:Executing jobs using 'parallel' executor
[0.596s] DEBUG:colcon.colcon_parallel_executor.executor.parallel:run_until_complete
[0.597s] INFO:colcon.colcon_ros.task.ament_cmake.build:Building ROS package in '/home/kuba/Documents/slam-robot/robot_ws/main_package' with build type 'ament_cmake'
[0.597s] INFO:colcon.colcon_cmake.task.cmake.build:Building CMake package in '/home/kuba/Documents/slam-robot/robot_ws/main_package'
[0.602s] INFO:colcon.colcon_core.plugin_system:Skipping extension 'colcon_core.shell.bat': Not used on non-Windows systems
[0.603s] INFO:colcon.colcon_core.shell:Skip shell extension 'powershell' for command environment: Not usable outside of PowerShell
[0.603s] DEBUG:colcon.colcon_core.shell:Skip shell extension 'dsv' for command environment
[0.626s] DEBUG:colcon.colcon_core.event_handler.log_command:Invoking command in '/home/kuba/Documents/slam-robot/robot_ws/build/main_package': CMAKE_PREFIX_PATH=${CMAKE_PREFIX_PATH}:/opt/ros/jazzy DEBUGINFOD_URLS=https://debuginfod.ubuntu.com /usr/bin/cmake --build /home/kuba/Documents/slam-robot/robot_ws/build/main_package -- -j8 -l8
[23.789s] DEBUG:colcon.colcon_core.event_handler.log_command:Invoked command in '/home/kuba/Documents/slam-robot/robot_ws/build/main_package' returned '0': CMAKE_PREFIX_PATH=${CMAKE_PREFIX_PATH}:/opt/ros/jazzy DEBUGINFOD_URLS=https://debuginfod.ubuntu.com /usr/bin/cmake --build /home/kuba/Documents/slam-robot/robot_ws/build/main_package -- -j8 -l8
[23.866s] DEBUG:colcon.colcon_core.event_handler.log_command:Invoking command in '/home/kuba/Documents/slam-robot/robot_ws/build/main_package': CMAKE_PREFIX_PATH=${CMAKE_PREFIX_PATH}:/opt/ros/jazzy DEBUGINFOD_URLS=https://debuginfod.ubuntu.com /usr/bin/cmake --install /home/kuba/Documents/slam-robot/robot_ws/build/main_package
[23.906s] Level 1:colcon.colcon_core.environment:create_environment_scripts_only(main_package)
[23.908s] DEBUG:colcon.colcon_core.event_handler.log_command:Invoked command in '/home/kuba/Documents/slam-robot/robot_ws/build/main_package' returned '0': CMAKE_PREFIX_PATH=${CMAKE_PREFIX_PATH}:/opt/ros/jazzy DEBUGINFOD_URLS=https://debuginfod.ubuntu.com /usr/bin/cmake --install /home/kuba/Documents/slam-robot/robot_ws/build/main_package
[23.912s] Level 1:colcon.colcon_core.environment:checking '/home/kuba/Documents/slam-robot/robot_ws/install/main_package' for CMake module files
[23.914s] Level 1:colcon.colcon_core.environment:checking '/home/kuba/Documents/slam-robot/robot_ws/install/main_package' for CMake config files
[23.915s] Level 1:colcon.colcon_core.shell:create_environment_hook('main_package', 'cmake_prefix_path')
[23.915s] INFO:colcon.colcon_core.shell:Creating environment hook '/home/kuba/Documents/slam-robot/robot_ws/install/main_package/share/main_package/hook/cmake_prefix_path.ps1'
[23.917s] INFO:colcon.colcon_core.shell:Creating environment descriptor '/home/kuba/Documents/slam-robot/robot_ws/install/main_package/share/main_package/hook/cmake_prefix_path.dsv'
[23.917s] INFO:colcon.colcon_core.shell:Creating environment hook '/home/kuba/Documents/slam-robot/robot_ws/install/main_package/share/main_package/hook/cmake_prefix_path.sh'
[23.920s] Level 1:colcon.colcon_core.environment:checking '/home/kuba/Documents/slam-robot/robot_ws/install/main_package/lib'
[23.921s] Level 1:colcon.colcon_core.environment:checking '/home/kuba/Documents/slam-robot/robot_ws/install/main_package/bin'
[23.921s] Level 1:colcon.colcon_core.environment:checking '/home/kuba/Documents/slam-robot/robot_ws/install/main_package/lib/pkgconfig/main_package.pc'
[23.921s] Level 1:colcon.colcon_core.environment:checking '/home/kuba/Documents/slam-robot/robot_ws/install/main_package/lib/python3.12/site-packages'
[23.922s] Level 1:colcon.colcon_core.environment:checking '/home/kuba/Documents/slam-robot/robot_ws/install/main_package/bin'
[23.923s] INFO:colcon.colcon_core.shell:Creating package script '/home/kuba/Documents/slam-robot/robot_ws/install/main_package/share/main_package/package.ps1'
[23.924s] INFO:colcon.colcon_core.shell:Creating package descriptor '/home/kuba/Documents/slam-robot/robot_ws/install/main_package/share/main_package/package.dsv'
[23.925s] INFO:colcon.colcon_core.shell:Creating package script '/home/kuba/Documents/slam-robot/robot_ws/install/main_package/share/main_package/package.sh'
[23.927s] INFO:colcon.colcon_core.shell:Creating package script '/home/kuba/Documents/slam-robot/robot_ws/install/main_package/share/main_package/package.bash'
[23.928s] INFO:colcon.colcon_core.shell:Creating package script '/home/kuba/Documents/slam-robot/robot_ws/install/main_package/share/main_package/package.zsh'
[23.929s] Level 1:colcon.colcon_core.environment:create_file_with_runtime_dependencies(/home/kuba/Documents/slam-robot/robot_ws/install/main_package/share/colcon-core/packages/main_package)
[23.989s] Level 1:colcon.colcon_core.environment:create_environment_scripts_only(main_package)
[23.989s] Level 1:colcon.colcon_core.environment:checking '/home/kuba/Documents/slam-robot/robot_ws/install/main_package' for CMake module files
[23.991s] Level 1:colcon.colcon_core.environment:checking '/home/kuba/Documents/slam-robot/robot_ws/install/main_package' for CMake config files
[23.992s] Level 1:colcon.colcon_core.shell:create_environment_hook('main_package', 'cmake_prefix_path')
[23.993s] INFO:colcon.colcon_core.shell:Creating environment hook '/home/kuba/Documents/slam-robot/robot_ws/install/main_package/share/main_package/hook/cmake_prefix_path.ps1'
[23.994s] INFO:colcon.colcon_core.shell:Creating environment descriptor '/home/kuba/Documents/slam-robot/robot_ws/install/main_package/share/main_package/hook/cmake_prefix_path.dsv'
[23.995s] INFO:colcon.colcon_core.shell:Creating environment hook '/home/kuba/Documents/slam-robot/robot_ws/install/main_package/share/main_package/hook/cmake_prefix_path.sh'
[23.997s] Level 1:colcon.colcon_core.environment:checking '/home/kuba/Documents/slam-robot/robot_ws/install/main_package/lib'
[23.997s] Level 1:colcon.colcon_core.environment:checking '/home/kuba/Documents/slam-robot/robot_ws/install/main_package/bin'
[23.997s] Level 1:colcon.colcon_core.environment:checking '/home/kuba/Documents/slam-robot/robot_ws/install/main_package/lib/pkgconfig/main_package.pc'
[23.998s] Level 1:colcon.colcon_core.environment:checking '/home/kuba/Documents/slam-robot/robot_ws/install/main_package/lib/python3.12/site-packages'
[23.999s] Level 1:colcon.colcon_core.environment:checking '/home/kuba/Documents/slam-robot/robot_ws/install/main_package/bin'
[23.999s] INFO:colcon.colcon_core.shell:Creating package script '/home/kuba/Documents/slam-robot/robot_ws/install/main_package/share/main_package/package.ps1'
[24.001s] INFO:colcon.colcon_core.shell:Creating package descriptor '/home/kuba/Documents/slam-robot/robot_ws/install/main_package/share/main_package/package.dsv'
[24.004s] INFO:colcon.colcon_core.shell:Creating package script '/home/kuba/Documents/slam-robot/robot_ws/install/main_package/share/main_package/package.sh'
[24.005s] INFO:colcon.colcon_core.shell:Creating package script '/home/kuba/Documents/slam-robot/robot_ws/install/main_package/share/main_package/package.bash'
[24.006s] INFO:colcon.colcon_core.shell:Creating package script '/home/kuba/Documents/slam-robot/robot_ws/install/main_package/share/main_package/package.zsh'
[24.008s] Level 1:colcon.colcon_core.environment:create_file_with_runtime_dependencies(/home/kuba/Documents/slam-robot/robot_ws/install/main_package/share/colcon-core/packages/main_package)
[24.008s] DEBUG:colcon.colcon_parallel_executor.executor.parallel:closing loop
[24.009s] DEBUG:colcon.colcon_parallel_executor.executor.parallel:loop closed
[24.010s] DEBUG:colcon.colcon_parallel_executor.executor.parallel:run_until_complete finished with '0'
[24.010s] DEBUG:colcon.colcon_core.event_reactor:joining thread
[24.022s] INFO:colcon.colcon_core.plugin_system:Skipping extension 'colcon_notification.desktop_notification.terminal_notifier': Not used on non-Darwin systems
[24.023s] INFO:colcon.colcon_core.plugin_system:Skipping extension 'colcon_notification.desktop_notification.win32': Not used on non-Windows systems
[24.023s] INFO:colcon.colcon_notification.desktop_notification:Sending desktop notification using 'notify2'
[24.061s] DEBUG:colcon.colcon_core.event_reactor:joined thread
[24.062s] INFO:colcon.colcon_core.shell:Creating prefix script '/home/kuba/Documents/slam-robot/robot_ws/install/local_setup.ps1'
[24.065s] INFO:colcon.colcon_core.shell:Creating prefix util module '/home/kuba/Documents/slam-robot/robot_ws/install/_local_setup_util_ps1.py'
[24.069s] INFO:colcon.colcon_core.shell:Creating prefix chain script '/home/kuba/Documents/slam-robot/robot_ws/install/setup.ps1'
[24.072s] INFO:colcon.colcon_core.shell:Creating prefix script '/home/kuba/Documents/slam-robot/robot_ws/install/local_setup.sh'
[24.074s] INFO:colcon.colcon_core.shell:Creating prefix util module '/home/kuba/Documents/slam-robot/robot_ws/install/_local_setup_util_sh.py'
[24.076s] INFO:colcon.colcon_core.shell:Creating prefix chain script '/home/kuba/Documents/slam-robot/robot_ws/install/setup.sh'
[24.079s] INFO:colcon.colcon_core.shell:Creating prefix script '/home/kuba/Documents/slam-robot/robot_ws/install/local_setup.bash'
[24.080s] INFO:colcon.colcon_core.shell:Creating prefix chain script '/home/kuba/Documents/slam-robot/robot_ws/install/setup.bash'
[24.083s] INFO:colcon.colcon_core.shell:Creating prefix script '/home/kuba/Documents/slam-robot/robot_ws/install/local_setup.zsh'
[24.085s] INFO:colcon.colcon_core.shell:Creating prefix chain script '/home/kuba/Documents/slam-robot/robot_ws/install/setup.zsh'
