[0.008s] Invoking command in '/home/kuba/Documents/slam-robot/robot_ws/build/main_package': CMAKE_PREFIX_PATH=${CMAKE_PREFIX_PATH}:/opt/ros/jazzy DEBUGINFOD_URLS=https://debuginfod.ubuntu.com /usr/bin/cmake --build /home/kuba/Documents/slam-robot/robot_ws/build/main_package -- -j8 -l8
[0.057s] [ 25%] Built target sim_lidar_driver_node
[0.057s] [ 50%] Built target sim_controls_driver_node
[0.058s] [ 75%] Built target sim_motor_driver
[0.066s] [ 87%] [32mBuilding CXX object CMakeFiles/controller_node.dir/src/controller.cpp.o[0m
[7.967s] [100%] [32m[1mLinking CXX executable controller_node[0m
[8.250s] [100%] Built target controller_node
[8.259s] Invoked command in '/home/kuba/Documents/slam-robot/robot_ws/build/main_package' returned '0': CMAKE_PREFIX_PATH=${CMAKE_PREFIX_PATH}:/opt/ros/jazzy DEBUGINFOD_URLS=https://debuginfod.ubuntu.com /usr/bin/cmake --build /home/kuba/Documents/slam-robot/robot_ws/build/main_package -- -j8 -l8
[8.290s] Invoking command in '/home/kuba/Documents/slam-robot/robot_ws/build/main_package': CMAKE_PREFIX_PATH=${CMAKE_PREFIX_PATH}:/opt/ros/jazzy DEBUGINFOD_URLS=https://debuginfod.ubuntu.com /usr/bin/cmake --install /home/kuba/Documents/slam-robot/robot_ws/build/main_package
[8.297s] -- Install configuration: ""
[8.298s] -- Installing: /home/kuba/Documents/slam-robot/robot_ws/install/main_package/lib/main_package/controller_node
[8.303s] -- Set non-toolchain portion of runtime path of "/home/kuba/Documents/slam-robot/robot_ws/install/main_package/lib/main_package/controller_node" to ""
[8.303s] -- Installing: /home/kuba/Documents/slam-robot/robot_ws/install/main_package/lib/main_package/sim_lidar_driver_node
[8.307s] -- Set non-toolchain portion of runtime path of "/home/kuba/Documents/slam-robot/robot_ws/install/main_package/lib/main_package/sim_lidar_driver_node" to ""
[8.307s] -- Installing: /home/kuba/Documents/slam-robot/robot_ws/install/main_package/lib/main_package/sim_motor_driver
[8.311s] -- Set non-toolchain portion of runtime path of "/home/kuba/Documents/slam-robot/robot_ws/install/main_package/lib/main_package/sim_motor_driver" to ""
[8.311s] -- Installing: /home/kuba/Documents/slam-robot/robot_ws/install/main_package/lib/main_package/sim_controls_driver_node
[8.314s] -- Set non-toolchain portion of runtime path of "/home/kuba/Documents/slam-robot/robot_ws/install/main_package/lib/main_package/sim_controls_driver_node" to ""
[8.314s] -- Up-to-date: /home/kuba/Documents/slam-robot/robot_ws/install/main_package/share/main_package//launch
[8.314s] -- Installing: /home/kuba/Documents/slam-robot/robot_ws/install/main_package/share/main_package//launch/simulation_launch.py
[8.314s] -- Installing: /home/kuba/Documents/slam-robot/robot_ws/install/main_package/share/ament_index/resource_index/package_run_dependencies/main_package
[8.314s] -- Installing: /home/kuba/Documents/slam-robot/robot_ws/install/main_package/share/ament_index/resource_index/parent_prefix_path/main_package
[8.315s] -- Up-to-date: /home/kuba/Documents/slam-robot/robot_ws/install/main_package/share/main_package/environment/ament_prefix_path.sh
[8.315s] -- Up-to-date: /home/kuba/Documents/slam-robot/robot_ws/install/main_package/share/main_package/environment/ament_prefix_path.dsv
[8.315s] -- Up-to-date: /home/kuba/Documents/slam-robot/robot_ws/install/main_package/share/main_package/environment/path.sh
[8.315s] -- Up-to-date: /home/kuba/Documents/slam-robot/robot_ws/install/main_package/share/main_package/environment/path.dsv
[8.315s] -- Up-to-date: /home/kuba/Documents/slam-robot/robot_ws/install/main_package/share/main_package/local_setup.bash
[8.315s] -- Up-to-date: /home/kuba/Documents/slam-robot/robot_ws/install/main_package/share/main_package/local_setup.sh
[8.315s] -- Up-to-date: /home/kuba/Documents/slam-robot/robot_ws/install/main_package/share/main_package/local_setup.zsh
[8.315s] -- Up-to-date: /home/kuba/Documents/slam-robot/robot_ws/install/main_package/share/main_package/local_setup.dsv
[8.315s] -- Installing: /home/kuba/Documents/slam-robot/robot_ws/install/main_package/share/main_package/package.dsv
[8.315s] -- Up-to-date: /home/kuba/Documents/slam-robot/robot_ws/install/main_package/share/ament_index/resource_index/packages/main_package
[8.315s] -- Installing: /home/kuba/Documents/slam-robot/robot_ws/install/main_package/share/main_package/cmake/main_packageConfig.cmake
[8.315s] -- Installing: /home/kuba/Documents/slam-robot/robot_ws/install/main_package/share/main_package/cmake/main_packageConfig-version.cmake
[8.315s] -- Installing: /home/kuba/Documents/slam-robot/robot_ws/install/main_package/share/main_package/package.xml
[8.317s] Invoked command in '/home/kuba/Documents/slam-robot/robot_ws/build/main_package' returned '0': CMAKE_PREFIX_PATH=${CMAKE_PREFIX_PATH}:/opt/ros/jazzy DEBUGINFOD_URLS=https://debuginfod.ubuntu.com /usr/bin/cmake --install /home/kuba/Documents/slam-robot/robot_ws/build/main_package
