[0.075s] DEBUG:colcon:Command line arguments: ['/usr/bin/colcon', 'build']
[0.075s] DEBUG:colcon:Parsed command line arguments: Namespace(log_base=None, log_level=None, verb_name='build', build_base='build', install_base='install', merge_install=False, symlink_install=False, test_result_base=None, continue_on_error=False, executor='parallel', parallel_workers=8, event_handlers=None, ignore_user_meta=False, metas=['./colcon.meta'], base_paths=['.'], packages_ignore=None, packages_ignore_regex=None, paths=None, packages_up_to=None, packages_up_to_regex=None, packages_above=None, packages_above_and_dependencies=None, packages_above_depth=None, packages_select_by_dep=None, packages_skip_by_dep=None, packages_skip_up_to=None, packages_select_build_failed=False, packages_skip_build_finished=False, packages_select_test_failures=False, packages_skip_test_passed=False, packages_select=None, packages_skip=None, packages_select_regex=None, packages_skip_regex=None, packages_start=None, packages_end=None, allow_overriding=[], cmake_args=None, cmake_target=None, cmake_target_skip_unavailable=False, cmake_clean_cache=False, cmake_clean_first=False, cmake_force_configure=False, ament_cmake_args=None, catkin_cmake_args=None, catkin_skip_building_tests=False, mixin_files=None, mixin=None, verb_parser=<colcon_mixin.mixin.mixin_argument.MixinArgumentDecorator object at 0x73238bc89c10>, verb_extension=<colcon_core.verb.build.BuildVerb object at 0x73238bc89700>, main=<bound method BuildVerb.main of <colcon_core.verb.build.BuildVerb object at 0x73238bc89700>>, mixin_verb=('build',))
[0.102s] Level 1:colcon.colcon_core.package_discovery:discover_packages(colcon_meta) check parameters
[0.102s] Level 1:colcon.colcon_core.package_discovery:discover_packages(recursive) check parameters
[0.102s] Level 1:colcon.colcon_core.package_discovery:discover_packages(ignore) check parameters
[0.102s] Level 1:colcon.colcon_core.package_discovery:discover_packages(path) check parameters
[0.102s] Level 1:colcon.colcon_core.package_discovery:discover_packages(colcon_meta) discover
[0.103s] Level 1:colcon.colcon_core.package_discovery:discover_packages(recursive) discover
[0.103s] INFO:colcon.colcon_core.package_discovery:Crawling recursively for packages in '/home/kuba/Documents/slam-robot/robot_ws'
[0.103s] Level 1:colcon.colcon_core.package_identification:_identify(.) by extensions ['ignore', 'ignore_ament_install']
[0.103s] Level 1:colcon.colcon_core.package_identification:_identify(.) by extension 'ignore'
[0.103s] Level 1:colcon.colcon_core.package_identification:_identify(.) by extension 'ignore_ament_install'
[0.103s] Level 1:colcon.colcon_core.package_identification:_identify(.) by extensions ['colcon_pkg']
[0.103s] Level 1:colcon.colcon_core.package_identification:_identify(.) by extension 'colcon_pkg'
[0.103s] Level 1:colcon.colcon_core.package_identification:_identify(.) by extensions ['colcon_meta']
[0.103s] Level 1:colcon.colcon_core.package_identification:_identify(.) by extension 'colcon_meta'
[0.103s] Level 1:colcon.colcon_core.package_identification:_identify(.) by extensions ['ros']
[0.103s] Level 1:colcon.colcon_core.package_identification:_identify(.) by extension 'ros'
[0.123s] Level 1:colcon.colcon_core.package_identification:_identify(.) by extensions ['cmake', 'python']
[0.123s] Level 1:colcon.colcon_core.package_identification:_identify(.) by extension 'cmake'
[0.123s] Level 1:colcon.colcon_core.package_identification:_identify(.) by extension 'python'
[0.123s] Level 1:colcon.colcon_core.package_identification:_identify(.) by extensions ['python_setup_py']
[0.123s] Level 1:colcon.colcon_core.package_identification:_identify(.) by extension 'python_setup_py'
[0.123s] Level 1:colcon.colcon_core.package_identification:_identify(build) by extensions ['ignore', 'ignore_ament_install']
[0.124s] Level 1:colcon.colcon_core.package_identification:_identify(build) by extension 'ignore'
[0.124s] Level 1:colcon.colcon_core.package_identification:_identify(build) ignored
[0.124s] Level 1:colcon.colcon_core.package_identification:_identify(install) by extensions ['ignore', 'ignore_ament_install']
[0.124s] Level 1:colcon.colcon_core.package_identification:_identify(install) by extension 'ignore'
[0.124s] Level 1:colcon.colcon_core.package_identification:_identify(install) ignored
[0.124s] Level 1:colcon.colcon_core.package_identification:_identify(log) by extensions ['ignore', 'ignore_ament_install']
[0.124s] Level 1:colcon.colcon_core.package_identification:_identify(log) by extension 'ignore'
[0.124s] Level 1:colcon.colcon_core.package_identification:_identify(log) ignored
[0.124s] Level 1:colcon.colcon_core.package_identification:_identify(main_package) by extensions ['ignore', 'ignore_ament_install']
[0.124s] Level 1:colcon.colcon_core.package_identification:_identify(main_package) by extension 'ignore'
[0.124s] Level 1:colcon.colcon_core.package_identification:_identify(main_package) by extension 'ignore_ament_install'
[0.124s] Level 1:colcon.colcon_core.package_identification:_identify(main_package) by extensions ['colcon_pkg']
[0.124s] Level 1:colcon.colcon_core.package_identification:_identify(main_package) by extension 'colcon_pkg'
[0.124s] Level 1:colcon.colcon_core.package_identification:_identify(main_package) by extensions ['colcon_meta']
[0.124s] Level 1:colcon.colcon_core.package_identification:_identify(main_package) by extension 'colcon_meta'
[0.124s] Level 1:colcon.colcon_core.package_identification:_identify(main_package) by extensions ['ros']
[0.124s] Level 1:colcon.colcon_core.package_identification:_identify(main_package) by extension 'ros'
[0.126s] DEBUG:colcon.colcon_core.package_identification:Package 'main_package' with type 'ros.ament_cmake' and name 'main_package'
[0.126s] Level 1:colcon.colcon_core.package_discovery:discover_packages(recursive) using defaults
[0.126s] Level 1:colcon.colcon_core.package_discovery:discover_packages(ignore) discover
[0.126s] Level 1:colcon.colcon_core.package_discovery:discover_packages(ignore) using defaults
[0.126s] Level 1:colcon.colcon_core.package_discovery:discover_packages(path) discover
[0.126s] Level 1:colcon.colcon_core.package_discovery:discover_packages(path) using defaults
[0.140s] Level 1:colcon.colcon_core.package_discovery:discover_packages(prefix_path) check parameters
[0.140s] Level 1:colcon.colcon_core.package_discovery:discover_packages(prefix_path) discover
[0.142s] DEBUG:colcon.colcon_installed_package_information.package_discovery:Found 315 installed packages in /opt/ros/jazzy
[0.143s] Level 1:colcon.colcon_core.package_discovery:discover_packages(prefix_path) using defaults
[0.173s] Level 5:colcon.colcon_core.verb:set package 'main_package' build argument 'cmake_args' from command line to 'None'
[0.173s] Level 5:colcon.colcon_core.verb:set package 'main_package' build argument 'cmake_target' from command line to 'None'
[0.173s] Level 5:colcon.colcon_core.verb:set package 'main_package' build argument 'cmake_target_skip_unavailable' from command line to 'False'
[0.173s] Level 5:colcon.colcon_core.verb:set package 'main_package' build argument 'cmake_clean_cache' from command line to 'False'
[0.173s] Level 5:colcon.colcon_core.verb:set package 'main_package' build argument 'cmake_clean_first' from command line to 'False'
[0.173s] Level 5:colcon.colcon_core.verb:set package 'main_package' build argument 'cmake_force_configure' from command line to 'False'
[0.173s] Level 5:colcon.colcon_core.verb:set package 'main_package' build argument 'ament_cmake_args' from command line to 'None'
[0.173s] Level 5:colcon.colcon_core.verb:set package 'main_package' build argument 'catkin_cmake_args' from command line to 'None'
[0.173s] Level 5:colcon.colcon_core.verb:set package 'main_package' build argument 'catkin_skip_building_tests' from command line to 'False'
[0.173s] DEBUG:colcon.colcon_core.verb:Building package 'main_package' with the following arguments: {'ament_cmake_args': None, 'build_base': '/home/kuba/Documents/slam-robot/robot_ws/build/main_package', 'catkin_cmake_args': None, 'catkin_skip_building_tests': False, 'cmake_args': None, 'cmake_clean_cache': False, 'cmake_clean_first': False, 'cmake_force_configure': False, 'cmake_target': None, 'cmake_target_skip_unavailable': False, 'install_base': '/home/kuba/Documents/slam-robot/robot_ws/install/main_package', 'merge_install': False, 'path': '/home/kuba/Documents/slam-robot/robot_ws/main_package', 'symlink_install': False, 'test_result_base': None}
[0.173s] INFO:colcon.colcon_core.executor:Executing jobs using 'parallel' executor
[0.174s] DEBUG:colcon.colcon_parallel_executor.executor.parallel:run_until_complete
[0.174s] INFO:colcon.colcon_ros.task.ament_cmake.build:Building ROS package in '/home/kuba/Documents/slam-robot/robot_ws/main_package' with build type 'ament_cmake'
[0.174s] INFO:colcon.colcon_cmake.task.cmake.build:Building CMake package in '/home/kuba/Documents/slam-robot/robot_ws/main_package'
[0.176s] INFO:colcon.colcon_core.plugin_system:Skipping extension 'colcon_core.shell.bat': Not used on non-Windows systems
[0.176s] INFO:colcon.colcon_core.shell:Skip shell extension 'powershell' for command environment: Not usable outside of PowerShell
[0.176s] DEBUG:colcon.colcon_core.shell:Skip shell extension 'dsv' for command environment
[0.183s] DEBUG:colcon.colcon_core.event_handler.log_command:Invoking command in '/home/kuba/Documents/slam-robot/robot_ws/build/main_package': CMAKE_PREFIX_PATH=${CMAKE_PREFIX_PATH}:/opt/ros/jazzy DEBUGINFOD_URLS=https://debuginfod.ubuntu.com /usr/bin/cmake --build /home/kuba/Documents/slam-robot/robot_ws/build/main_package -- -j8 -l8
[7.463s] DEBUG:colcon.colcon_core.event_handler.log_command:Invoked command in '/home/kuba/Documents/slam-robot/robot_ws/build/main_package' returned '2': CMAKE_PREFIX_PATH=${CMAKE_PREFIX_PATH}:/opt/ros/jazzy DEBUGINFOD_URLS=https://debuginfod.ubuntu.com /usr/bin/cmake --build /home/kuba/Documents/slam-robot/robot_ws/build/main_package -- -j8 -l8
[7.486s] Level 1:colcon.colcon_core.environment:create_environment_scripts_only(main_package)
[7.487s] Level 1:colcon.colcon_core.environment:checking '/home/kuba/Documents/slam-robot/robot_ws/install/main_package' for CMake module files
[7.488s] Level 1:colcon.colcon_core.environment:checking '/home/kuba/Documents/slam-robot/robot_ws/install/main_package' for CMake config files
[7.488s] Level 1:colcon.colcon_core.shell:create_environment_hook('main_package', 'cmake_prefix_path')
[7.488s] INFO:colcon.colcon_core.shell:Creating environment hook '/home/kuba/Documents/slam-robot/robot_ws/install/main_package/share/main_package/hook/cmake_prefix_path.ps1'
[7.488s] INFO:colcon.colcon_core.shell:Creating environment descriptor '/home/kuba/Documents/slam-robot/robot_ws/install/main_package/share/main_package/hook/cmake_prefix_path.dsv'
[7.489s] INFO:colcon.colcon_core.shell:Creating environment hook '/home/kuba/Documents/slam-robot/robot_ws/install/main_package/share/main_package/hook/cmake_prefix_path.sh'
[7.489s] Level 1:colcon.colcon_core.environment:checking '/home/kuba/Documents/slam-robot/robot_ws/install/main_package/lib'
[7.489s] Level 1:colcon.colcon_core.environment:checking '/home/kuba/Documents/slam-robot/robot_ws/install/main_package/bin'
[7.490s] Level 1:colcon.colcon_core.environment:checking '/home/kuba/Documents/slam-robot/robot_ws/install/main_package/lib/pkgconfig/main_package.pc'
[7.490s] Level 1:colcon.colcon_core.environment:checking '/home/kuba/Documents/slam-robot/robot_ws/install/main_package/lib/python3.12/site-packages'
[7.490s] Level 1:colcon.colcon_core.environment:checking '/home/kuba/Documents/slam-robot/robot_ws/install/main_package/bin'
[7.490s] INFO:colcon.colcon_core.shell:Creating package script '/home/kuba/Documents/slam-robot/robot_ws/install/main_package/share/main_package/package.ps1'
[7.491s] INFO:colcon.colcon_core.shell:Creating package descriptor '/home/kuba/Documents/slam-robot/robot_ws/install/main_package/share/main_package/package.dsv'
[7.491s] INFO:colcon.colcon_core.shell:Creating package script '/home/kuba/Documents/slam-robot/robot_ws/install/main_package/share/main_package/package.sh'
[7.491s] INFO:colcon.colcon_core.shell:Creating package script '/home/kuba/Documents/slam-robot/robot_ws/install/main_package/share/main_package/package.bash'
[7.492s] INFO:colcon.colcon_core.shell:Creating package script '/home/kuba/Documents/slam-robot/robot_ws/install/main_package/share/main_package/package.zsh'
[7.492s] Level 1:colcon.colcon_core.environment:create_file_with_runtime_dependencies(/home/kuba/Documents/slam-robot/robot_ws/install/main_package/share/colcon-core/packages/main_package)
[7.503s] DEBUG:colcon.colcon_parallel_executor.executor.parallel:closing loop
[7.503s] DEBUG:colcon.colcon_parallel_executor.executor.parallel:loop closed
[7.503s] DEBUG:colcon.colcon_parallel_executor.executor.parallel:run_until_complete finished with '2'
[7.503s] DEBUG:colcon.colcon_core.event_reactor:joining thread
[7.507s] INFO:colcon.colcon_core.plugin_system:Skipping extension 'colcon_notification.desktop_notification.terminal_notifier': Not used on non-Darwin systems
[7.507s] INFO:colcon.colcon_core.plugin_system:Skipping extension 'colcon_notification.desktop_notification.win32': Not used on non-Windows systems
[7.507s] INFO:colcon.colcon_notification.desktop_notification:Sending desktop notification using 'notify2'
[7.518s] DEBUG:colcon.colcon_core.event_reactor:joined thread
[7.518s] INFO:colcon.colcon_core.shell:Creating prefix script '/home/kuba/Documents/slam-robot/robot_ws/install/local_setup.ps1'
[7.520s] INFO:colcon.colcon_core.shell:Creating prefix util module '/home/kuba/Documents/slam-robot/robot_ws/install/_local_setup_util_ps1.py'
[7.521s] INFO:colcon.colcon_core.shell:Creating prefix chain script '/home/kuba/Documents/slam-robot/robot_ws/install/setup.ps1'
[7.522s] INFO:colcon.colcon_core.shell:Creating prefix script '/home/kuba/Documents/slam-robot/robot_ws/install/local_setup.sh'
[7.523s] INFO:colcon.colcon_core.shell:Creating prefix util module '/home/kuba/Documents/slam-robot/robot_ws/install/_local_setup_util_sh.py'
[7.523s] INFO:colcon.colcon_core.shell:Creating prefix chain script '/home/kuba/Documents/slam-robot/robot_ws/install/setup.sh'
[7.524s] INFO:colcon.colcon_core.shell:Creating prefix script '/home/kuba/Documents/slam-robot/robot_ws/install/local_setup.bash'
[7.524s] INFO:colcon.colcon_core.shell:Creating prefix chain script '/home/kuba/Documents/slam-robot/robot_ws/install/setup.bash'
[7.525s] INFO:colcon.colcon_core.shell:Creating prefix script '/home/kuba/Documents/slam-robot/robot_ws/install/local_setup.zsh'
[7.525s] INFO:colcon.colcon_core.shell:Creating prefix chain script '/home/kuba/Documents/slam-robot/robot_ws/install/setup.zsh'
