[ 50%] [32mBuilding CXX object CMakeFiles/controller_node.dir/src/controller.cpp.o[0m
[100%] [32m[1mLinking CXX executable controller_node[0m
[100%] Built target controller_node
-- Install configuration: ""
-- Installing: /home/kuba/Documents/slam-robot/robot_ws/install/main_package/lib/main_package/controller_node
-- Set non-toolchain portion of runtime path of "/home/kuba/Documents/slam-robot/robot_ws/install/main_package/lib/main_package/controller_node" to ""
-- Up-to-date: /home/kuba/Documents/slam-robot/robot_ws/install/main_package/share/ament_index/resource_index/package_run_dependencies/main_package
-- Installing: /home/kuba/Documents/slam-robot/robot_ws/install/main_package/share/ament_index/resource_index/parent_prefix_path/main_package
-- Up-to-date: /home/kuba/Documents/slam-robot/robot_ws/install/main_package/share/main_package/environment/ament_prefix_path.sh
-- Up-to-date: /home/kuba/Documents/slam-robot/robot_ws/install/main_package/share/main_package/environment/ament_prefix_path.dsv
-- Up-to-date: /home/kuba/Documents/slam-robot/robot_ws/install/main_package/share/main_package/environment/path.sh
-- Up-to-date: /home/kuba/Documents/slam-robot/robot_ws/install/main_package/share/main_package/environment/path.dsv
-- Up-to-date: /home/kuba/Documents/slam-robot/robot_ws/install/main_package/share/main_package/local_setup.bash
-- Up-to-date: /home/kuba/Documents/slam-robot/robot_ws/install/main_package/share/main_package/local_setup.sh
-- Up-to-date: /home/kuba/Documents/slam-robot/robot_ws/install/main_package/share/main_package/local_setup.zsh
-- Up-to-date: /home/kuba/Documents/slam-robot/robot_ws/install/main_package/share/main_package/local_setup.dsv
-- Installing: /home/kuba/Documents/slam-robot/robot_ws/install/main_package/share/main_package/package.dsv
-- Up-to-date: /home/kuba/Documents/slam-robot/robot_ws/install/main_package/share/ament_index/resource_index/packages/main_package
-- Up-to-date: /home/kuba/Documents/slam-robot/robot_ws/install/main_package/share/main_package/cmake/main_packageConfig.cmake
-- Up-to-date: /home/kuba/Documents/slam-robot/robot_ws/install/main_package/share/main_package/cmake/main_packageConfig-version.cmake
-- Up-to-date: /home/kuba/Documents/slam-robot/robot_ws/install/main_package/share/main_package/package.xml
