[0.029s] Invoking command in '/home/kuba/Documents/slam-robot/robot_ws/build/main_package': CMAKE_PREFIX_PATH=${CMAKE_PREFIX_PATH}:/opt/ros/jazzy DEBUGINFOD_URLS=https://debuginfod.ubuntu.com /usr/bin/cmake --build /home/kuba/Documents/slam-robot/robot_ws/build/main_package -- -j8 -l8
[0.110s] -- Found ament_cmake: 2.5.2 (/opt/ros/jazzy/share/ament_cmake/cmake)
[0.738s] -- Found rclcpp: 28.1.3 (/opt/ros/jazzy/share/rclcpp/cmake)
[0.878s] -- Found rosidl_generator_c: 4.6.3 (/opt/ros/jazzy/share/rosidl_generator_c/cmake)
[0.925s] -- Found rosidl_generator_cpp: 4.6.3 (/opt/ros/jazzy/share/rosidl_generator_cpp/cmake)
[0.981s] -- Using all available rosidl_typesupport_c: rosidl_typesupport_fastrtps_c;rosidl_typesupport_introspection_c
[1.045s] -- Using all available rosidl_typesupport_cpp: rosidl_typesupport_fastrtps_cpp;rosidl_typesupport_introspection_cpp
[1.285s] -- Found rmw_implementation_cmake: 7.3.1 (/opt/ros/jazzy/share/rmw_implementation_cmake/cmake)
[1.295s] -- Found rmw_fastrtps_cpp: 8.4.1 (/opt/ros/jazzy/share/rmw_fastrtps_cpp/cmake)
[1.538s] -- Found OpenSSL: /usr/lib/x86_64-linux-gnu/libcrypto.so (found version "3.0.13")  
[1.589s] -- Found FastRTPS: /opt/ros/jazzy/include (Required is at least version "2.13") 
[1.648s] -- Using RMW implementation 'rmw_fastrtps_cpp' as default
[1.877s] -- Found std_msgs: 5.3.5 (/opt/ros/jazzy/share/std_msgs/cmake)
[1.926s] -- Found sensor_msgs: 5.3.5 (/opt/ros/jazzy/share/sensor_msgs/cmake)
[2.279s] -- Configuring done (2.2s)
[2.310s] -- Generating done (0.0s)
[2.315s] -- Build files have been written to: /home/kuba/Documents/slam-robot/robot_ws/build/main_package
[2.403s] [ 50%] [32mBuilding CXX object CMakeFiles/controller_node.dir/src/controller.cpp.o[0m
[8.787s] [01m[K/home/kuba/Documents/slam-robot/robot_ws/main_package/src/controller.cpp:[m[K In constructor ‘[01m[KControllerNode::[01;32m[KControllerNode[m[K()[m[K’:
[8.788s] [01m[K/home/kuba/Documents/slam-robot/robot_ws/main_package/src/controller.cpp:17:97:[m[K [01;31m[Kerror: [m[Kno match for ‘[01m[Koperator=[m[K’ (operand types are ‘[01m[Krclcpp::Subscription<std_msgs::msg::String_<std::allocator<void> > >::SharedPtr[m[K’ {aka ‘[01m[Kstd::shared_ptr<rclcpp::Subscription<std_msgs::msg::String_<std::allocator<void> > > >[m[K’} and ‘[01m[Kstd::shared_ptr<rclcpp::Subscription<sensor_msgs::msg::LaserScan_<std::allocator<void> >, std::allocator<void>, sensor_msgs::msg::LaserScan_<std::allocator<void> >, sensor_msgs::msg::LaserScan_<std::allocator<void> >, rclcpp::message_memory_strategy::MessageMemoryStrategy<sensor_msgs::msg::LaserScan_<std::allocator<void> >, std::allocator<void> > > >[m[K’)
[8.788s]    17 | td::bind(&ControllerNode::lidarCallback, this, std::placeholders::_1)[01;31m[K)[m[K;
[8.788s]       |                                                                      [01;31m[K^[m[K
[8.789s] 
[8.789s] In file included from [01m[K/usr/include/c++/13/memory:80[m[K,
[8.789s]                  from [01m[K/home/kuba/Documents/slam-robot/robot_ws/main_package/src/controller.cpp:3[m[K:
[8.789s] [01m[K/usr/include/c++/13/bits/shared_ptr.h:418:9:[m[K [01;36m[Knote: [m[Kcandidate: ‘[01m[Ktemplate<class _Yp> std::shared_ptr<_Tp>::_Assignable<const std::shared_ptr<_Yp>&> std::shared_ptr<_Tp>::[01;32m[Koperator=[m[K(const std::shared_ptr<_Yp>&) [35m[K[with _Tp = rclcpp::Subscription<std_msgs::msg::String_<std::allocator<void> > >][m[K[m[K’
[8.789s]   418 |         [01;36m[Koperator[m[K=(const shared_ptr<_Yp>& __r) noexcept
[8.790s]       |         [01;36m[K^~~~~~~~[m[K
[8.790s] [01m[K/usr/include/c++/13/bits/shared_ptr.h:418:9:[m[K [01;36m[Knote: [m[K  template argument deduction/substitution failed:
[8.790s] /usr/include/c++/13/bits/shared_ptr.h: In substitution of ‘[01m[Ktemplate<class _Tp> template<class _Arg> using std::shared_ptr<_Tp>::_Assignable = typename std::enable_if<std::is_assignable<std::__shared_ptr<_Tp>&, _Arg>::value, std::shared_ptr<_Tp>&>::type [35m[K[with _Arg = const std::shared_ptr<rclcpp::Subscription<sensor_msgs::msg::LaserScan_<std::allocator<void> >, std::allocator<void>, sensor_msgs::msg::LaserScan_<std::allocator<void> >, sensor_msgs::msg::LaserScan_<std::allocator<void> >, rclcpp::message_memory_strategy::MessageMemoryStrategy<sensor_msgs::msg::LaserScan_<std::allocator<void> >, std::allocator<void> > > >&; _Tp = rclcpp::Subscription<std_msgs::msg::String_<std::allocator<void> > >][m[K[m[K’:
[8.790s] [01m[K/usr/include/c++/13/bits/shared_ptr.h:418:2:[m[K   required by substitution of ‘[01m[Ktemplate<class _Yp> std::shared_ptr<rclcpp::Subscription<std_msgs::msg::String_<std::allocator<void> > > >::_Assignable<const std::shared_ptr<_Tp>&> std::shared_ptr<rclcpp::Subscription<std_msgs::msg::String_<std::allocator<void> > > >::[01;32m[Koperator=[m[K(const std::shared_ptr<_Tp>&) [35m[K[with _Yp = rclcpp::Subscription<sensor_msgs::msg::LaserScan_<std::allocator<void> >, std::allocator<void>, sensor_msgs::msg::LaserScan_<std::allocator<void> >, sensor_msgs::msg::LaserScan_<std::allocator<void> >, rclcpp::message_memory_strategy::MessageMemoryStrategy<sensor_msgs::msg::LaserScan_<std::allocator<void> >, std::allocator<void> > >][m[K[m[K’
[8.791s] [01m[K/home/kuba/Documents/slam-robot/robot_ws/main_package/src/controller.cpp:17:97:[m[K   required from here
[8.791s] [01m[K/usr/include/c++/13/bits/shared_ptr.h:183:15:[m[K [01;31m[Kerror: [m[Kno type named ‘[01m[Ktype[m[K’ in ‘[01m[Kstruct std::enable_if<false, std::shared_ptr<rclcpp::Subscription<std_msgs::msg::String_<std::allocator<void> > > >&>[m[K’
[8.791s]   183 |         using [01;31m[K_Assignable[m[K = typename enable_if<
[8.791s]       |               [01;31m[K^~~~~~~~~~~[m[K
[8.791s] [01m[K/usr/include/c++/13/bits/shared_ptr.h:429:9:[m[K [01;36m[Knote: [m[Kcandidate: ‘[01m[Ktemplate<class _Yp> std::shared_ptr<_Tp>::_Assignable<std::auto_ptr<_Up> > std::shared_ptr<_Tp>::[01;32m[Koperator=[m[K(std::auto_ptr<_Up>&&) [35m[K[with _Tp = rclcpp::Subscription<std_msgs::msg::String_<std::allocator<void> > >][m[K[m[K’
[8.792s]   429 |         [01;36m[Koperator[m[K=(auto_ptr<_Yp>&& __r)
[8.792s]       |         [01;36m[K^~~~~~~~[m[K
[8.792s] [01m[K/usr/include/c++/13/bits/shared_ptr.h:429:9:[m[K [01;36m[Knote: [m[K  template argument deduction/substitution failed:
[8.792s] [01m[K/home/kuba/Documents/slam-robot/robot_ws/main_package/src/controller.cpp:17:97:[m[K [01;36m[Knote: [m[K  ‘[01m[Kstd::shared_ptr<rclcpp::Subscription<sensor_msgs::msg::LaserScan_<std::allocator<void> >, std::allocator<void>, sensor_msgs::msg::LaserScan_<std::allocator<void> >, sensor_msgs::msg::LaserScan_<std::allocator<void> >, rclcpp::message_memory_strategy::MessageMemoryStrategy<sensor_msgs::msg::LaserScan_<std::allocator<void> >, std::allocator<void> > > >[m[K’ is not derived from ‘[01m[Kstd::auto_ptr<_Up>[m[K’
[8.792s]    17 | td::bind(&ControllerNode::lidarCallback, this, std::placeholders::_1)[01;36m[K)[m[K;
[8.793s]       |                                                                      [01;36m[K^[m[K
[8.793s] 
[8.793s] [01m[K/usr/include/c++/13/bits/shared_ptr.h:446:9:[m[K [01;36m[Knote: [m[Kcandidate: ‘[01m[Ktemplate<class _Yp> std::shared_ptr<_Tp>::_Assignable<std::shared_ptr<_Yp> > std::shared_ptr<_Tp>::[01;32m[Koperator=[m[K(std::shared_ptr<_Yp>&&) [35m[K[with _Tp = rclcpp::Subscription<std_msgs::msg::String_<std::allocator<void> > >][m[K[m[K’
[8.793s]   446 |         [01;36m[Koperator[m[K=(shared_ptr<_Yp>&& __r) noexcept
[8.793s]       |         [01;36m[K^~~~~~~~[m[K
[8.794s] [01m[K/usr/include/c++/13/bits/shared_ptr.h:446:9:[m[K [01;36m[Knote: [m[K  template argument deduction/substitution failed:
[8.794s] /usr/include/c++/13/bits/shared_ptr.h: In substitution of ‘[01m[Ktemplate<class _Tp> template<class _Arg> using std::shared_ptr<_Tp>::_Assignable = typename std::enable_if<std::is_assignable<std::__shared_ptr<_Tp>&, _Arg>::value, std::shared_ptr<_Tp>&>::type [35m[K[with _Arg = std::shared_ptr<rclcpp::Subscription<sensor_msgs::msg::LaserScan_<std::allocator<void> >, std::allocator<void>, sensor_msgs::msg::LaserScan_<std::allocator<void> >, sensor_msgs::msg::LaserScan_<std::allocator<void> >, rclcpp::message_memory_strategy::MessageMemoryStrategy<sensor_msgs::msg::LaserScan_<std::allocator<void> >, std::allocator<void> > > >; _Tp = rclcpp::Subscription<std_msgs::msg::String_<std::allocator<void> > >][m[K[m[K’:
[8.794s] [01m[K/usr/include/c++/13/bits/shared_ptr.h:446:2:[m[K   required by substitution of ‘[01m[Ktemplate<class _Yp> std::shared_ptr<rclcpp::Subscription<std_msgs::msg::String_<std::allocator<void> > > >::_Assignable<std::shared_ptr<_Tp> > std::shared_ptr<rclcpp::Subscription<std_msgs::msg::String_<std::allocator<void> > > >::[01;32m[Koperator=[m[K(std::shared_ptr<_Tp>&&) [35m[K[with _Yp = rclcpp::Subscription<sensor_msgs::msg::LaserScan_<std::allocator<void> >, std::allocator<void>, sensor_msgs::msg::LaserScan_<std::allocator<void> >, sensor_msgs::msg::LaserScan_<std::allocator<void> >, rclcpp::message_memory_strategy::MessageMemoryStrategy<sensor_msgs::msg::LaserScan_<std::allocator<void> >, std::allocator<void> > >][m[K[m[K’
[8.794s] [01m[K/home/kuba/Documents/slam-robot/robot_ws/main_package/src/controller.cpp:17:97:[m[K   required from here
[8.794s] [01m[K/usr/include/c++/13/bits/shared_ptr.h:183:15:[m[K [01;31m[Kerror: [m[Kno type named ‘[01m[Ktype[m[K’ in ‘[01m[Kstruct std::enable_if<false, std::shared_ptr<rclcpp::Subscription<std_msgs::msg::String_<std::allocator<void> > > >&>[m[K’
[8.795s]   183 |         using [01;31m[K_Assignable[m[K = typename enable_if<
[8.795s]       |               [01;31m[K^~~~~~~~~~~[m[K
[8.795s] [01m[K/usr/include/c++/13/bits/shared_ptr.h:454:9:[m[K [01;36m[Knote: [m[Kcandidate: ‘[01m[Ktemplate<class _Yp, class _Del> std::shared_ptr<_Tp>::_Assignable<std::unique_ptr<_Up, _Ep> > std::shared_ptr<_Tp>::[01;32m[Koperator=[m[K(std::unique_ptr<_Up, _Ep>&&) [35m[K[with _Del = _Yp; _Tp = rclcpp::Subscription<std_msgs::msg::String_<std::allocator<void> > >][m[K[m[K’
[8.795s]   454 |         [01;36m[Koperator[m[K=(unique_ptr<_Yp, _Del>&& __r)
[8.795s]       |         [01;36m[K^~~~~~~~[m[K
[8.796s] [01m[K/usr/include/c++/13/bits/shared_ptr.h:454:9:[m[K [01;36m[Knote: [m[K  template argument deduction/substitution failed:
[8.796s] [01m[K/home/kuba/Documents/slam-robot/robot_ws/main_package/src/controller.cpp:17:97:[m[K [01;36m[Knote: [m[K  ‘[01m[Kstd::shared_ptr<rclcpp::Subscription<sensor_msgs::msg::LaserScan_<std::allocator<void> >, std::allocator<void>, sensor_msgs::msg::LaserScan_<std::allocator<void> >, sensor_msgs::msg::LaserScan_<std::allocator<void> >, rclcpp::message_memory_strategy::MessageMemoryStrategy<sensor_msgs::msg::LaserScan_<std::allocator<void> >, std::allocator<void> > > >[m[K’ is not derived from ‘[01m[Kstd::unique_ptr<_Tp, _Dp>[m[K’
[8.796s]    17 | td::bind(&ControllerNode::lidarCallback, this, std::placeholders::_1)[01;36m[K)[m[K;
[8.796s]       |                                                                      [01;36m[K^[m[K
[8.796s] 
[8.797s] [01m[K/usr/include/c++/13/bits/shared_ptr.h:414:19:[m[K [01;36m[Knote: [m[Kcandidate: ‘[01m[Kstd::shared_ptr<_Tp>& std::shared_ptr<_Tp>::[01;32m[Koperator=[m[K(const std::shared_ptr<_Tp>&) [35m[K[with _Tp = rclcpp::Subscription<std_msgs::msg::String_<std::allocator<void> > >][m[K[m[K’
[8.797s]   414 |       shared_ptr& [01;36m[Koperator[m[K=(const shared_ptr&) noexcept = default;
[8.797s]       |                   [01;36m[K^~~~~~~~[m[K
[8.797s] [01m[K/usr/include/c++/13/bits/shared_ptr.h:414:29:[m[K [01;36m[Knote: [m[K  no known conversion for argument 1 from ‘[01m[Kstd::shared_ptr<rclcpp::Subscription<sensor_msgs::msg::LaserScan_<std::allocator<void> >, std::allocator<void>, sensor_msgs::msg::LaserScan_<std::allocator<void> >, sensor_msgs::msg::LaserScan_<std::allocator<void> >, rclcpp::message_memory_strategy::MessageMemoryStrategy<sensor_msgs::msg::LaserScan_<std::allocator<void> >, std::allocator<void> > > >[m[K’ to ‘[01m[Kconst std::shared_ptr<rclcpp::Subscription<std_msgs::msg::String_<std::allocator<void> > > >&[m[K’
[8.797s]   414 |       shared_ptr& operator=([01;36m[Kconst shared_ptr&[m[K) noexcept = default;
[8.798s]       |                             [01;36m[K^~~~~~~~~~~~~~~~~[m[K
[8.798s] [01m[K/usr/include/c++/13/bits/shared_ptr.h:438:7:[m[K [01;36m[Knote: [m[Kcandidate: ‘[01m[Kstd::shared_ptr<_Tp>& std::shared_ptr<_Tp>::[01;32m[Koperator=[m[K(std::shared_ptr<_Tp>&&) [35m[K[with _Tp = rclcpp::Subscription<std_msgs::msg::String_<std::allocator<void> > >][m[K[m[K’
[8.798s]   438 |       [01;36m[Koperator[m[K=(shared_ptr&& __r) noexcept
[8.798s]       |       [01;36m[K^~~~~~~~[m[K
[8.798s] [01m[K/usr/include/c++/13/bits/shared_ptr.h:438:30:[m[K [01;36m[Knote: [m[K  no known conversion for argument 1 from ‘[01m[Kstd::shared_ptr<rclcpp::Subscription<sensor_msgs::msg::LaserScan_<std::allocator<void> >, std::allocator<void>, sensor_msgs::msg::LaserScan_<std::allocator<void> >, sensor_msgs::msg::LaserScan_<std::allocator<void> >, rclcpp::message_memory_strategy::MessageMemoryStrategy<sensor_msgs::msg::LaserScan_<std::allocator<void> >, std::allocator<void> > > >[m[K’ to ‘[01m[Kstd::shared_ptr<rclcpp::Subscription<std_msgs::msg::String_<std::allocator<void> > > >&&[m[K’
[8.799s]   438 |       operator=([01;36m[Kshared_ptr&& __r[m[K) noexcept
[8.799s]       |                 [01;36m[K~~~~~~~~~~~~~^~~[m[K
[14.659s] gmake[2]: *** [CMakeFiles/controller_node.dir/build.make:76: CMakeFiles/controller_node.dir/src/controller.cpp.o] Error 1
[14.659s] gmake[1]: *** [CMakeFiles/Makefile2:137: CMakeFiles/controller_node.dir/all] Error 2
[14.660s] gmake: *** [Makefile:146: all] Error 2
[14.666s] Invoked command in '/home/kuba/Documents/slam-robot/robot_ws/build/main_package' returned '2': CMAKE_PREFIX_PATH=${CMAKE_PREFIX_PATH}:/opt/ros/jazzy DEBUGINFOD_URLS=https://debuginfod.ubuntu.com /usr/bin/cmake --build /home/kuba/Documents/slam-robot/robot_ws/build/main_package -- -j8 -l8
