[0.038s] Invoking command in '/home/kuba/slam-robot/robot_ws/build/main_package': CMAKE_PREFIX_PATH=/opt/ros/humble /usr/bin/cmake /home/kuba/slam-robot/robot_ws/main_package -DAMENT_CMAKE_SYMLINK_INSTALL=1 -DCMAKE_INSTALL_PREFIX=/home/kuba/slam-robot/robot_ws/install/main_package
[0.127s] -- The C compiler identification is GNU 11.4.0
[0.202s] -- The CXX compiler identification is GNU 11.4.0
[0.210s] -- Detecting C compiler ABI info
[0.265s] -- Detecting C compiler ABI info - done
[0.270s] -- Check for working C compiler: /usr/bin/cc - skipped
[0.271s] -- Detecting C compile features
[0.271s] -- Detecting C compile features - done
[0.274s] -- Detecting CXX compiler ABI info
[0.335s] -- Detecting CXX compiler ABI info - done
[0.341s] -- Check for working CXX compiler: /usr/bin/c++ - skipped
[0.341s] -- Detecting CXX compile features
[0.342s] -- Detecting CXX compile features - done
[0.346s] -- Found ament_cmake: 1.3.8 (/opt/ros/humble/share/ament_cmake/cmake)
[0.466s] -- Found Python3: /usr/bin/python3 (found version "3.10.12") found components: Interpreter 
[0.520s] -- Override CMake install command with custom implementation using symlinks instead of copying resources
[0.552s] -- Found ament_lint_auto: 0.12.10 (/opt/ros/humble/share/ament_lint_auto/cmake)
[0.618s] -- Added test 'lint_cmake' to check CMake code style
[0.620s] -- Added test 'xmllint' to check XML markup files
[0.621s] -- Configuring done
[0.623s] -- Generating done
[0.623s] -- Build files have been written to: /home/kuba/slam-robot/robot_ws/build/main_package
[0.627s] Invoked command in '/home/kuba/slam-robot/robot_ws/build/main_package' returned '0': CMAKE_PREFIX_PATH=/opt/ros/humble /usr/bin/cmake /home/kuba/slam-robot/robot_ws/main_package -DAMENT_CMAKE_SYMLINK_INSTALL=1 -DCMAKE_INSTALL_PREFIX=/home/kuba/slam-robot/robot_ws/install/main_package
[0.628s] Invoking command in '/home/kuba/slam-robot/robot_ws/build/main_package': CMAKE_PREFIX_PATH=/opt/ros/humble /usr/bin/cmake --build /home/kuba/slam-robot/robot_ws/build/main_package -- -j8 -l8
[0.659s] Invoked command in '/home/kuba/slam-robot/robot_ws/build/main_package' returned '0': CMAKE_PREFIX_PATH=/opt/ros/humble /usr/bin/cmake --build /home/kuba/slam-robot/robot_ws/build/main_package -- -j8 -l8
[0.681s] Invoking command in '/home/kuba/slam-robot/robot_ws/build/main_package': CMAKE_PREFIX_PATH=/opt/ros/humble /usr/bin/cmake --install /home/kuba/slam-robot/robot_ws/build/main_package
[0.687s] -- Install configuration: ""
[0.687s] -- Execute custom install script
[0.687s] -- Symlinking: /home/kuba/slam-robot/robot_ws/install/main_package/share/ament_index/resource_index/package_run_dependencies/main_package
[0.694s] -- Symlinking: /home/kuba/slam-robot/robot_ws/install/main_package/share/ament_index/resource_index/parent_prefix_path/main_package
[0.701s] -- Symlinking: /home/kuba/slam-robot/robot_ws/install/main_package/share/main_package/environment/ament_prefix_path.sh
[0.708s] -- Symlinking: /home/kuba/slam-robot/robot_ws/install/main_package/share/main_package/environment/ament_prefix_path.dsv
[0.715s] -- Symlinking: /home/kuba/slam-robot/robot_ws/install/main_package/share/main_package/environment/path.sh
[0.722s] -- Symlinking: /home/kuba/slam-robot/robot_ws/install/main_package/share/main_package/environment/path.dsv
[0.729s] -- Symlinking: /home/kuba/slam-robot/robot_ws/install/main_package/share/main_package/local_setup.bash
[0.736s] -- Symlinking: /home/kuba/slam-robot/robot_ws/install/main_package/share/main_package/local_setup.sh
[0.750s] -- Symlinking: /home/kuba/slam-robot/robot_ws/install/main_package/share/main_package/local_setup.zsh
[0.765s] -- Symlinking: /home/kuba/slam-robot/robot_ws/install/main_package/share/main_package/local_setup.dsv
[0.774s] -- Symlinking: /home/kuba/slam-robot/robot_ws/install/main_package/share/main_package/package.dsv
[0.783s] -- Symlinking: /home/kuba/slam-robot/robot_ws/install/main_package/share/ament_index/resource_index/packages/main_package
[0.792s] -- Symlinking: /home/kuba/slam-robot/robot_ws/install/main_package/share/main_package/cmake/main_packageConfig.cmake
[0.799s] -- Symlinking: /home/kuba/slam-robot/robot_ws/install/main_package/share/main_package/cmake/main_packageConfig-version.cmake
[0.805s] -- Symlinking: /home/kuba/slam-robot/robot_ws/install/main_package/share/main_package/package.xml
[0.813s] Invoked command in '/home/kuba/slam-robot/robot_ws/build/main_package' returned '0': CMAKE_PREFIX_PATH=/opt/ros/humble /usr/bin/cmake --install /home/kuba/slam-robot/robot_ws/build/main_package
