[0.008s] Invoking command in '/home/kuba/Documents/slam-robot/robot_ws/build/main_package': CMAKE_PREFIX_PATH=${CMAKE_PREFIX_PATH}:/opt/ros/jazzy DEBUGINFOD_URLS=https://debuginfod.ubuntu.com /usr/bin/cmake --build /home/kuba/Documents/slam-robot/robot_ws/build/main_package -- -j8 -l8
[0.057s] [ 12%] [32mBuilding CXX object CMakeFiles/sim_lidar_driver_node.dir/src/sim_lidar_driver.cpp.o[0m
[0.058s] [ 37%] Built target sim_controls_driver_node
[0.059s] [ 62%] Built target sim_motor_driver
[0.064s] [ 75%] [32mBuilding CXX object CMakeFiles/controller_node.dir/src/controller.cpp.o[0m
[7.618s] [ 87%] [32m[1mLinking CXX executable sim_lidar_driver_node[0m
[7.919s] [ 87%] Built target sim_lidar_driver_node
[9.188s] [100%] [32m[1mLinking CXX executable controller_node[0m
[9.483s] [100%] Built target controller_node
[9.493s] Invoked command in '/home/kuba/Documents/slam-robot/robot_ws/build/main_package' returned '0': CMAKE_PREFIX_PATH=${CMAKE_PREFIX_PATH}:/opt/ros/jazzy DEBUGINFOD_URLS=https://debuginfod.ubuntu.com /usr/bin/cmake --build /home/kuba/Documents/slam-robot/robot_ws/build/main_package -- -j8 -l8
[9.527s] Invoking command in '/home/kuba/Documents/slam-robot/robot_ws/build/main_package': CMAKE_PREFIX_PATH=${CMAKE_PREFIX_PATH}:/opt/ros/jazzy DEBUGINFOD_URLS=https://debuginfod.ubuntu.com /usr/bin/cmake --install /home/kuba/Documents/slam-robot/robot_ws/build/main_package
[9.535s] -- Install configuration: ""
[9.535s] -- Installing: /home/kuba/Documents/slam-robot/robot_ws/install/main_package/lib/main_package/controller_node
[9.544s] -- Set non-toolchain portion of runtime path of "/home/kuba/Documents/slam-robot/robot_ws/install/main_package/lib/main_package/controller_node" to ""
[9.544s] -- Installing: /home/kuba/Documents/slam-robot/robot_ws/install/main_package/lib/main_package/sim_lidar_driver_node
[9.551s] -- Set non-toolchain portion of runtime path of "/home/kuba/Documents/slam-robot/robot_ws/install/main_package/lib/main_package/sim_lidar_driver_node" to ""
[9.551s] -- Up-to-date: /home/kuba/Documents/slam-robot/robot_ws/install/main_package/lib/main_package/sim_motor_driver
[9.551s] -- Up-to-date: /home/kuba/Documents/slam-robot/robot_ws/install/main_package/lib/main_package/sim_controls_driver_node
[9.551s] -- Up-to-date: /home/kuba/Documents/slam-robot/robot_ws/install/main_package/share/main_package//launch
[9.551s] -- Up-to-date: /home/kuba/Documents/slam-robot/robot_ws/install/main_package/share/main_package//launch/simulation_launch.py
[9.551s] -- Up-to-date: /home/kuba/Documents/slam-robot/robot_ws/install/main_package/share/ament_index/resource_index/package_run_dependencies/main_package
[9.551s] -- Up-to-date: /home/kuba/Documents/slam-robot/robot_ws/install/main_package/share/ament_index/resource_index/parent_prefix_path/main_package
[9.552s] -- Up-to-date: /home/kuba/Documents/slam-robot/robot_ws/install/main_package/share/main_package/environment/ament_prefix_path.sh
[9.552s] -- Up-to-date: /home/kuba/Documents/slam-robot/robot_ws/install/main_package/share/main_package/environment/ament_prefix_path.dsv
[9.552s] -- Up-to-date: /home/kuba/Documents/slam-robot/robot_ws/install/main_package/share/main_package/environment/path.sh
[9.552s] -- Up-to-date: /home/kuba/Documents/slam-robot/robot_ws/install/main_package/share/main_package/environment/path.dsv
[9.552s] -- Up-to-date: /home/kuba/Documents/slam-robot/robot_ws/install/main_package/share/main_package/local_setup.bash
[9.552s] -- Up-to-date: /home/kuba/Documents/slam-robot/robot_ws/install/main_package/share/main_package/local_setup.sh
[9.552s] -- Up-to-date: /home/kuba/Documents/slam-robot/robot_ws/install/main_package/share/main_package/local_setup.zsh
[9.552s] -- Up-to-date: /home/kuba/Documents/slam-robot/robot_ws/install/main_package/share/main_package/local_setup.dsv
[9.552s] -- Installing: /home/kuba/Documents/slam-robot/robot_ws/install/main_package/share/main_package/package.dsv
[9.552s] -- Up-to-date: /home/kuba/Documents/slam-robot/robot_ws/install/main_package/share/ament_index/resource_index/packages/main_package
[9.552s] -- Up-to-date: /home/kuba/Documents/slam-robot/robot_ws/install/main_package/share/main_package/cmake/main_packageConfig.cmake
[9.552s] -- Up-to-date: /home/kuba/Documents/slam-robot/robot_ws/install/main_package/share/main_package/cmake/main_packageConfig-version.cmake
[9.553s] -- Up-to-date: /home/kuba/Documents/slam-robot/robot_ws/install/main_package/share/main_package/package.xml
[9.554s] Invoked command in '/home/kuba/Documents/slam-robot/robot_ws/build/main_package' returned '0': CMAKE_PREFIX_PATH=${CMAKE_PREFIX_PATH}:/opt/ros/jazzy DEBUGINFOD_URLS=https://debuginfod.ubuntu.com /usr/bin/cmake --install /home/kuba/Documents/slam-robot/robot_ws/build/main_package
