[0.009s] Invoking command in '/home/kuba/Documents/slam-robot/robot_ws/build/main_package': CMAKE_PREFIX_PATH=${CMAKE_PREFIX_PATH}:/opt/ros/jazzy DEBUGINFOD_URLS=https://debuginfod.ubuntu.com /usr/bin/cmake --build /home/kuba/Documents/slam-robot/robot_ws/build/main_package -- -j8 -l8
[0.059s] [ 25%] Built target sim_controls_driver_node
[0.063s] [ 50%] Built target sim_motor_driver
[0.063s] [ 75%] Built target sim_lidar_driver_node
[0.070s] [ 87%] [32mBuilding CXX object CMakeFiles/controller_node.dir/src/controller.cpp.o[0m
[1.887s] [01m[K/home/kuba/Documents/slam-robot/robot_ws/main_package/src/controller.cpp:[m[K In member function ‘[01m[Kvoid ControllerNode::[01;32m[KcontrolCallback[m[K(std_msgs::msg::Int32_<std::allocator<void> >::SharedPtr)[m[K’:
[1.887s] [01m[K/home/kuba/Documents/slam-robot/robot_ws/main_package/src/controller.cpp:47:43:[m[K [01;31m[Kerror: [m[Kexpected initializer before ‘[01m[K.[m[K’ token
[1.888s]    47 |         std_msgs::msg::Int32 motor_command[01;31m[K.[m[Kdata = control_command.data;
[1.888s]       |                                           [01;31m[K^[m[K
[1.894s] [01m[K/home/kuba/Documents/slam-robot/robot_ws/main_package/src/controller.cpp:50:37:[m[K [01;31m[Kerror: [m[K‘[01m[Kmotor_command[m[K’ was not declared in this scope; did you mean ‘[01m[Kcontrol_command[m[K’?
[1.894s]    50 |           motor_publisher_->publish([01;31m[Kmotor_command[m[K);
[1.894s]       |                                     [01;31m[K^~~~~~~~~~~~~[m[K
[1.895s]       |                                     [32m[Kcontrol_command[m[K
[1.895s] [01m[K/home/kuba/Documents/slam-robot/robot_ws/main_package/src/controller.cpp:46:64:[m[K [01;35m[Kwarning: [m[Kunused parameter ‘[01m[Kcontrol_command[m[K’ [[01;35m[K]8;;https://gcc.gnu.org/onlinedocs/gcc/Warning-Options.html#index-Wunused-parameter-Wunused-parameter]8;;[m[K]
[1.895s]    46 |  void controlCallback([01;35m[Kconst std_msgs::msg::Int32::SharedPtr control_command[m[K) {
[1.895s]       |                       [01;35m[K~~~~~~~~~~~~~~~~~~~~~~~~~~~~~~~~~~~~~~^~~~~~~~~~~~~~~[m[K
[1.895s] 
[4.232s] gmake[2]: *** [CMakeFiles/controller_node.dir/build.make:76: CMakeFiles/controller_node.dir/src/controller.cpp.o] Error 1
[4.233s] gmake[1]: *** [CMakeFiles/Makefile2:143: CMakeFiles/controller_node.dir/all] Error 2
[4.233s] gmake: *** [Makefile:146: all] Error 2
[4.234s] Invoked command in '/home/kuba/Documents/slam-robot/robot_ws/build/main_package' returned '2': CMAKE_PREFIX_PATH=${CMAKE_PREFIX_PATH}:/opt/ros/jazzy DEBUGINFOD_URLS=https://debuginfod.ubuntu.com /usr/bin/cmake --build /home/kuba/Documents/slam-robot/robot_ws/build/main_package -- -j8 -l8
