[ 25%] Built target sim_controls_driver_node
[ 37%] [32mBuilding CXX object CMakeFiles/sim_motor_driver.dir/src/sim_motor_driver.cpp.o[0m
[ 62%] Built target controller_node
[ 87%] Built target sim_lidar_driver_node
[100%] [32m[1mLinking CXX executable sim_motor_driver[0m
[100%] Built target sim_motor_driver
-- Install configuration: ""
-- Up-to-date: /home/kuba/Documents/slam-robot/robot_ws/install/main_package/lib/main_package/controller_node
-- Up-to-date: /home/kuba/Documents/slam-robot/robot_ws/install/main_package/lib/main_package/sim_lidar_driver_node
-- Installing: /home/kuba/Documents/slam-robot/robot_ws/install/main_package/lib/main_package/sim_motor_driver
-- Set non-toolchain portion of runtime path of "/home/kuba/Documents/slam-robot/robot_ws/install/main_package/lib/main_package/sim_motor_driver" to ""
-- Up-to-date: /home/kuba/Documents/slam-robot/robot_ws/install/main_package/lib/main_package/sim_controls_driver_node
-- Up-to-date: /home/kuba/Documents/slam-robot/robot_ws/install/main_package/share/main_package//launch
-- Up-to-date: /home/kuba/Documents/slam-robot/robot_ws/install/main_package/share/main_package//launch/simulation_launch.py
-- Up-to-date: /home/kuba/Documents/slam-robot/robot_ws/install/main_package/share/ament_index/resource_index/package_run_dependencies/main_package
-- Up-to-date: /home/kuba/Documents/slam-robot/robot_ws/install/main_package/share/ament_index/resource_index/parent_prefix_path/main_package
-- Up-to-date: /home/kuba/Documents/slam-robot/robot_ws/install/main_package/share/main_package/environment/ament_prefix_path.sh
-- Up-to-date: /home/kuba/Documents/slam-robot/robot_ws/install/main_package/share/main_package/environment/ament_prefix_path.dsv
-- Up-to-date: /home/kuba/Documents/slam-robot/robot_ws/install/main_package/share/main_package/environment/path.sh
-- Up-to-date: /home/kuba/Documents/slam-robot/robot_ws/install/main_package/share/main_package/environment/path.dsv
-- Up-to-date: /home/kuba/Documents/slam-robot/robot_ws/install/main_package/share/main_package/local_setup.bash
-- Up-to-date: /home/kuba/Documents/slam-robot/robot_ws/install/main_package/share/main_package/local_setup.sh
-- Up-to-date: /home/kuba/Documents/slam-robot/robot_ws/install/main_package/share/main_package/local_setup.zsh
-- Up-to-date: /home/kuba/Documents/slam-robot/robot_ws/install/main_package/share/main_package/local_setup.dsv
-- Installing: /home/kuba/Documents/slam-robot/robot_ws/install/main_package/share/main_package/package.dsv
-- Up-to-date: /home/kuba/Documents/slam-robot/robot_ws/install/main_package/share/ament_index/resource_index/packages/main_package
-- Up-to-date: /home/kuba/Documents/slam-robot/robot_ws/install/main_package/share/main_package/cmake/main_packageConfig.cmake
-- Up-to-date: /home/kuba/Documents/slam-robot/robot_ws/install/main_package/share/main_package/cmake/main_packageConfig-version.cmake
-- Up-to-date: /home/kuba/Documents/slam-robot/robot_ws/install/main_package/share/main_package/package.xml
