[0.026s] Invoking command in '/home/kuba/Documents/slam-robot/robot_ws/build/main_package': CMAKE_PREFIX_PATH=${CMAKE_PREFIX_PATH}:/opt/ros/jazzy DEBUGINFOD_URLS=https://debuginfod.ubuntu.com /usr/bin/cmake --build /home/kuba/Documents/slam-robot/robot_ws/build/main_package -- -j8 -l8
[0.134s] [ 50%] Built target controller_node
[0.198s] [ 75%] [32mBuilding CXX object CMakeFiles/robot_controls_node.dir/src/sim_robot_controls.cpp.o[0m
[18.048s] [100%] [32m[1mLinking CXX executable robot_controls_node[0m
[18.625s] [100%] Built target robot_controls_node
[18.649s] Invoked command in '/home/kuba/Documents/slam-robot/robot_ws/build/main_package' returned '0': CMAKE_PREFIX_PATH=${CMAKE_PREFIX_PATH}:/opt/ros/jazzy DEBUGINFOD_URLS=https://debuginfod.ubuntu.com /usr/bin/cmake --build /home/kuba/Documents/slam-robot/robot_ws/build/main_package -- -j8 -l8
[18.736s] Invoking command in '/home/kuba/Documents/slam-robot/robot_ws/build/main_package': CMAKE_PREFIX_PATH=${CMAKE_PREFIX_PATH}:/opt/ros/jazzy DEBUGINFOD_URLS=https://debuginfod.ubuntu.com /usr/bin/cmake --install /home/kuba/Documents/slam-robot/robot_ws/build/main_package
[18.752s] -- Install configuration: ""
[18.753s] -- Up-to-date: /home/kuba/Documents/slam-robot/robot_ws/install/main_package/lib/main_package/controller_node
[18.753s] -- Installing: /home/kuba/Documents/slam-robot/robot_ws/install/main_package/lib/main_package/robot_controls_node
[18.761s] -- Set non-toolchain portion of runtime path of "/home/kuba/Documents/slam-robot/robot_ws/install/main_package/lib/main_package/robot_controls_node" to ""
[18.762s] -- Up-to-date: /home/kuba/Documents/slam-robot/robot_ws/install/main_package/share/ament_index/resource_index/package_run_dependencies/main_package
[18.762s] -- Up-to-date: /home/kuba/Documents/slam-robot/robot_ws/install/main_package/share/ament_index/resource_index/parent_prefix_path/main_package
[18.762s] -- Up-to-date: /home/kuba/Documents/slam-robot/robot_ws/install/main_package/share/main_package/environment/ament_prefix_path.sh
[18.762s] -- Up-to-date: /home/kuba/Documents/slam-robot/robot_ws/install/main_package/share/main_package/environment/ament_prefix_path.dsv
[18.763s] -- Up-to-date: /home/kuba/Documents/slam-robot/robot_ws/install/main_package/share/main_package/environment/path.sh
[18.764s] -- Up-to-date: /home/kuba/Documents/slam-robot/robot_ws/install/main_package/share/main_package/environment/path.dsv
[18.765s] -- Up-to-date: /home/kuba/Documents/slam-robot/robot_ws/install/main_package/share/main_package/local_setup.bash
[18.765s] -- Up-to-date: /home/kuba/Documents/slam-robot/robot_ws/install/main_package/share/main_package/local_setup.sh
[18.765s] -- Up-to-date: /home/kuba/Documents/slam-robot/robot_ws/install/main_package/share/main_package/local_setup.zsh
[18.765s] -- Up-to-date: /home/kuba/Documents/slam-robot/robot_ws/install/main_package/share/main_package/local_setup.dsv
[18.765s] -- Installing: /home/kuba/Documents/slam-robot/robot_ws/install/main_package/share/main_package/package.dsv
[18.765s] -- Up-to-date: /home/kuba/Documents/slam-robot/robot_ws/install/main_package/share/ament_index/resource_index/packages/main_package
[18.766s] -- Up-to-date: /home/kuba/Documents/slam-robot/robot_ws/install/main_package/share/main_package/cmake/main_packageConfig.cmake
[18.766s] -- Up-to-date: /home/kuba/Documents/slam-robot/robot_ws/install/main_package/share/main_package/cmake/main_packageConfig-version.cmake
[18.766s] -- Up-to-date: /home/kuba/Documents/slam-robot/robot_ws/install/main_package/share/main_package/package.xml
[18.770s] Invoked command in '/home/kuba/Documents/slam-robot/robot_ws/build/main_package' returned '0': CMAKE_PREFIX_PATH=${CMAKE_PREFIX_PATH}:/opt/ros/jazzy DEBUGINFOD_URLS=https://debuginfod.ubuntu.com /usr/bin/cmake --install /home/kuba/Documents/slam-robot/robot_ws/build/main_package
